<?xml version="1.0" encoding="UTF-8"?>
<testsuite name="ru.netology.service.CashbackHackServiceTest" tests="2" skipped="0" failures="0" errors="0" timestamp="2022-07-20T16:43:45" hostname="DESKTOP-MCM0M6F" time="0.003">
  <properties/>
  <testcase name="remain" classname="ru.netology.service.CashbackHackServiceTest" time="0.003"/>
  <testcase name="shouldFall" classname="ru.netology.service.CashbackHackServiceTest" time="0.0"/>
  <system-out><![CDATA[]]></system-out>
  <system-err><![CDATA[]]></system-err>
</testsuite>
